<?xml version="1.0" encoding="UTF-8"?>
<testsuite xmlns:xsi="http://www.w3.org/2001/XMLSchema-instance" xsi:noNamespaceSchemaLocation="https://maven.apache.org/surefire/maven-surefire-plugin/xsd/surefire-test-report.xsd" name="info.seleniumcucumber.RunCukeTest" time="29.438" tests="48" errors="0" skipped="0" failures="0">
  <properties>
[...]
</properties>
  <testcase name="Given I navigate to &quot;http://qainterview.pythonanywhere.com/&quot;" classname="| 01 | The factorial of 01 is: 1 |" time="0.012"/>
  <testcase name="And I enter &quot;01&quot; into input field having id &quot;number&quot;" classname="| 01 | The factorial of 01 is: 1 |" time="0"/>
  <testcase name="When I click on element having id &quot;getFactorial&quot;" classname="| 01 | The factorial of 01 is: 1 |" time="0.001"/>
  <testcase name="Then I should be able to see element having id as &quot;resultDiv&quot; should have text as &quot;The factorial of 01 is: 1&quot;" classname="| 01 | The factorial of 01 is: 1 |" time="0"/>
  <testcase name="Then I take screenshot" classname="| 01 | The factorial of 01 is: 1 |" time="0"/>
  <testcase name="| 01 | The factorial of 01 is: 1 |" classname="| 01 | The factorial of 01 is: 1 |" time="0.021"/>
  <testcase name="Given I navigate to &quot;http://qainterview.pythonanywhere.com/&quot;" classname="| +169 | The factorial of +169 is: 4.269068009004705e+304 |" time="0"/>
  <testcase name="And I enter &quot;+169&quot; into input field having id &quot;number&quot;" classname="| +169 | The factorial of +169 is: 4.269068009004705e+304 |" time="0"/>
  <testcase name="When I click on element having id &quot;getFactorial&quot;" classname="| +169 | The factorial of +169 is: 4.269068009004705e+304 |" time="0"/>
  <testcase name="Then I should be able to see element having id as &quot;resultDiv&quot; should have text as &quot;The factorial of +169 is: 4.269068009004705e+304&quot;" classname="| +169 | The factorial of +169 is: 4.269068009004705e+304 |" time="0"/>
  <testcase name="Then I take screenshot" classname="| +169 | The factorial of +169 is: 4.269068009004705e+304 |" time="0"/>
  <testcase name="| +169 | The factorial of +169 is: 4.269068009004705e+304 |" classname="| +169 | The factorial of +169 is: 4.269068009004705e+304 |" time="0.001"/>
  <testcase name="Given I navigate to &quot;http://qainterview.pythonanywhere.com/&quot;" classname="| 3 | The factorial of 3 is: 6 |" time="0.001"/>
  <testcase name="And I enter &quot;3&quot; into input field having id &quot;number&quot;" classname="| 3 | The factorial of 3 is: 6 |" time="0"/>
  <testcase name="When I click on element having id &quot;getFactorial&quot;" classname="| 3 | The factorial of 3 is: 6 |" time="0.001"/>
  <testcase name="Then I should be able to see element having id as &quot;resultDiv&quot; should have text as &quot;The factorial of 3 is: 6&quot;" classname="| 3 | The factorial of 3 is: 6 |" time="0"/>
  <testcase name="Then I take screenshot" classname="| 3 | The factorial of 3 is: 6 |" time="0"/>
  <testcase name="| 3 | The factorial of 3 is: 6 |" classname="| 3 | The factorial of 3 is: 6 |" time="0"/>
  <testcase name="Given I navigate to &quot;http://qainterview.pythonanywhere.com/&quot;" classname="| 1.5 | Please enter an integer |" time="0.001"/>
  <testcase name="And I enter &quot;1.5&quot; into input field having id &quot;number&quot;" classname="| 1.5 | Please enter an integer |" time="0.001"/>
  <testcase name="When I click on element having id &quot;getFactorial&quot;" classname="| 1.5 | Please enter an integer |" time="0"/>
  <testcase name="Then I should be able to see element having id as &quot;resultDiv&quot; should have text as &quot;Please enter an integer&quot;" classname="| 1.5 | Please enter an integer |" time="0"/>
  <testcase name="Then I take screenshot" classname="| 1.5 | Please enter an integer |" time="0"/>
  <testcase name="| 1.5 | Please enter an integer |" classname="| 1.5 | Please enter an integer |" time="0"/>
  <testcase name="Given I navigate to &quot;http://qainterview.pythonanywhere.com/&quot;" classname="| e3 | Please enter an integer |" time="0.003"/>
  <testcase name="And I enter &quot;e3&quot; into input field having id &quot;number&quot;" classname="| e3 | Please enter an integer |" time="0"/>
  <testcase name="When I click on element having id &quot;getFactorial&quot;" classname="| e3 | Please enter an integer |" time="0"/>
  <testcase name="Then I should be able to see element having id as &quot;resultDiv&quot; should have text as &quot;Please enter an integer&quot;" classname="| e3 | Please enter an integer |" time="0"/>
  <testcase name="Then I take screenshot" classname="| e3 | Please enter an integer |" time="0"/>
  <testcase name="| e3 | Please enter an integer |" classname="| e3 | Please enter an integer |" time="0"/>
  <testcase name="Given I navigate to &quot;http://qainterview.pythonanywhere.com/&quot;" classname="| !@#$^3 | Please enter an integer |" time="0"/>
  <testcase name="And I enter &quot;!@#$^3&quot; into input field having id &quot;number&quot;" classname="| !@#$^3 | Please enter an integer |" time="0"/>
  <testcase name="When I click on element having id &quot;getFactorial&quot;" classname="| !@#$^3 | Please enter an integer |" time="0"/>
  <testcase name="Then I should be able to see element having id as &quot;resultDiv&quot; should have text as &quot;Please enter an integer&quot;" classname="| !@#$^3 | Please enter an integer |" time="0"/>
  <testcase name="Then I take screenshot" classname="| !@#$^3 | Please enter an integer |" time="0"/>
  <testcase name="| !@#$^3 | Please enter an integer |" classname="| !@#$^3 | Please enter an integer |" time="0.001"/>
  <testcase name="Given I navigate to &quot;http://qainterview.pythonanywhere.com/&quot;" classname="|  | Please enter an integer |" time="0"/>
  <testcase name="Given I navigate to &quot;http://qainterview.pythonanywhere.com/&quot;" classname="|  | Please enter an integer |" time="0"/>
  <testcase name="And I enter &quot;&quot; into input field having id &quot;number&quot;" classname="|  | Please enter an integer |" time="0"/>
  <testcase name="And I enter &quot;&quot; into input field having id &quot;number&quot;" classname="|  | Please enter an integer |" time="0"/>
  <testcase name="When I click on element having id &quot;getFactorial&quot;" classname="|  | Please enter an integer |" time="0"/>
  <testcase name="When I click on element having id &quot;getFactorial&quot;" classname="|  | Please enter an integer |" time="0"/>
  <testcase name="Then I should be able to see element having id as &quot;resultDiv&quot; should have text as &quot;Please enter an integer&quot;" classname="|  | Please enter an integer |" time="0"/>
  <testcase name="Then I should be able to see element having id as &quot;resultDiv&quot; should have text as &quot;Please enter an integer&quot;" classname="|  | Please enter an integer |" time="0.001"/>
  <testcase name="Then I take screenshot" classname="|  | Please enter an integer |" time="0"/>
  <testcase name="Then I take screenshot" classname="|  | Please enter an integer |" time="0"/>
  <testcase name="|  | Please enter an integer |" classname="|  | Please enter an integer |" time="0.001"/>
  <testcase name="|  | Please enter an integer |" classname="|  | Please enter an integer |" time="0"/>
</testsuite>