<?xml version="1.0" encoding="UTF-8"?>
<testsuite xmlns:xsi="http://www.w3.org/2001/XMLSchema-instance" xsi:noNamespaceSchemaLocation="https://maven.apache.org/surefire/maven-surefire-plugin/xsd/surefire-test-report.xsd" name="info.seleniumcucumber.RunCukeTest" time="20.663" tests="15" errors="4" skipped="0" failures="0">
  <properties>
[...]
</properties>
  <testcase name="Given I navigate to &quot;http://qainterview.pythonanywhere.com/&quot;" classname="| Terms and Conditions |" time="0.011"/>
  <testcase name="Then link having partial text &quot;Terms and Conditions&quot; should be present" classname="| Terms and Conditions |" time="0.001"/>
  <testcase name="Then I click on link having partial text &quot;Terms and Conditions&quot;" classname="| Terms and Conditions |" time="0"/>
  <testcase name="Then I should see page title as &quot;http://qainterview.pythonanywhere.com/terms&quot;" classname="| Terms and Conditions |" time="0.012">
    <error message="Page Title Not Matched, Actual Page Title : " type="info.seleniumcucumber.methods.TestCaseFailed">info.seleniumcucumber.methods.TestCaseFailed: Page Title Not Matched, Actual Page Title : 
</error>
  </testcase>
  <testcase name="| Terms and Conditions |" classname="| Terms and Conditions |" time="0.012">
    <error message="Page Title Not Matched, Actual Page Title : " type="info.seleniumcucumber.methods.TestCaseFailed">info.seleniumcucumber.methods.TestCaseFailed: Page Title Not Matched, Actual Page Title : 
</error>
  </testcase>
  <testcase name="Given I navigate to &quot;http://qainterview.pythonanywhere.com/&quot;" classname="| Privacy |" time="0"/>
  <testcase name="Then link having partial text &quot;Privacy&quot; should be present" classname="| Privacy |" time="0"/>
  <testcase name="Then I click on link having partial text &quot;Privacy&quot;" classname="| Privacy |" time="0"/>
  <testcase name="Then I should see page title as &quot;qainterview.pythonanywhere.com/privacy&quot;" classname="| Privacy |" time="0.001">
    <error message="Page Title Not Matched, Actual Page Title : " type="info.seleniumcucumber.methods.TestCaseFailed">info.seleniumcucumber.methods.TestCaseFailed: Page Title Not Matched, Actual Page Title : 
</error>
  </testcase>
  <testcase name="| Privacy |" classname="| Privacy |" time="0.001">
    <error message="Page Title Not Matched, Actual Page Title : " type="info.seleniumcucumber.methods.TestCaseFailed">info.seleniumcucumber.methods.TestCaseFailed: Page Title Not Matched, Actual Page Title : 
</error>
  </testcase>
  <testcase name="Given I navigate to &quot;http://qainterview.pythonanywhere.com/&quot;" classname="| Qxf2 Services |" time="0"/>
  <testcase name="Then link having partial text &quot;Qxf2 Services&quot; should be present" classname="| Qxf2 Services |" time="0"/>
  <testcase name="Then I click on link having partial text &quot;Qxf2 Services&quot;" classname="| Qxf2 Services |" time="0"/>
  <testcase name="Then I should see page title as &quot;Qxf2 Services: Outsourced Software QA for startups&quot;" classname="| Qxf2 Services |" time="0"/>
  <testcase name="| Qxf2 Services |" classname="| Qxf2 Services |" time="0.072"/>
</testsuite>